Build started 6/30/2013 11:50:37 PM.
     1>Project "C:\Users\Colton\Desktop\CS 1410\Project 8A\Project 8A\Project 8A.vcxproj" on node 2 (build target(s)).
     1>InitializeBuildStatus:
         Creating "Debug\Project 8A.unsuccessfulbuild" because "AlwaysCreate" was specified.
       ClCompile:
         c:\Program Files\Microsoft Visual Studio 10.0\VC\bin\CL.exe /c /ZI /nologo /W3 /WX- /Od /Oy- /D _MBCS /Gm /EHsc /RTC1 /MDd /GS /fp:precise /Zc:wchar_t /Zc:forScope /Fo"Debug\\" /Fd"Debug\vc100.pdb" /Gd /TP /analyze- /errorReport:prompt Hourly.cpp
         Hourly.cpp
       Link:
         c:\Program Files\Microsoft Visual Studio 10.0\VC\bin\link.exe /ERRORREPORT:PROMPT /OUT:"C:\Users\Colton\Desktop\CS 1410\Project 8A\Debug\Project 8A.exe" /NOLOGO kernel32.lib user32.lib gdi32.lib winspool.lib comdlg32.lib advapi32.lib shell32.lib ole32.lib oleaut32.lib uuid.lib odbc32.lib odbccp32.lib /MANIFEST /ManifestFile:"Debug\Project 8A.exe.intermediate.manifest" /MANIFESTUAC:"level='asInvoker' uiAccess='false'" /DEBUG /PDB:"C:\Users\Colton\Desktop\CS 1410\Project 8A\Debug\Project 8A.pdb" /TLBID:1 /DYNAMICBASE /NXCOMPAT /IMPLIB:"C:\Users\Colton\Desktop\CS 1410\Project 8A\Debug\Project 8A.lib" /MACHINE:X86 Debug\Driver.obj
         Debug\Employee.obj
         Debug\Hourly.obj
         Debug\Salaried.obj
         LINK : C:\Users\Colton\Desktop\CS 1410\Project 8A\Debug\Project 8A.exe not found or not built by the last incremental link; performing full link
         Project 8A.vcxproj -> C:\Users\Colton\Desktop\CS 1410\Project 8A\Debug\Project 8A.exe
       Manifest:
         C:\Program Files\Microsoft SDKs\Windows\v7.0A\bin\mt.exe /nologo /verbose /outputresource:"C:\Users\Colton\Desktop\CS 1410\Project 8A\Debug\Project 8A.exe;#1" /manifest "Debug\Project 8A.exe.intermediate.manifest"
       FinalizeBuildStatus:
         Deleting file "Debug\Project 8A.unsuccessfulbuild".
         Touching "Debug\Project 8A.lastbuildstate".
     1>Done Building Project "C:\Users\Colton\Desktop\CS 1410\Project 8A\Project 8A\Project 8A.vcxproj" (build target(s)).

Build succeeded.

Time Elapsed 00:00:02.84
