Build started 6/9/2013 11:39:52 PM.
     1>Project "C:\Users\Colton\Desktop\CS 1410\Project 5\Project 5\Project 5.vcxproj" on node 2 (build target(s)).
     1>InitializeBuildStatus:
         Touching "Debug\Project 5.unsuccessfulbuild".
       ClCompile:
         c:\Program Files\Microsoft Visual Studio 10.0\VC\bin\CL.exe /c /ZI /nologo /W3 /WX- /Od /Oy- /D _MBCS /Gm /EHsc /RTC1 /MDd /GS /fp:precise /Zc:wchar_t /Zc:forScope /Fo"Debug\\" /Fd"Debug\vc100.pdb" /Gd /TP /analyze- /errorReport:prompt Employee.cpp driver.cpp
         driver.cpp
     1>c:\users\colton\desktop\cs 1410\project 5\project 5\employee.h(27): error C2370: 'FED_TAX' : redefinition; different storage class
                 c:\users\colton\desktop\cs 1410\project 5\project 5\employee.h(27) : see declaration of 'FED_TAX'
     1>c:\users\colton\desktop\cs 1410\project 5\project 5\employee.h(28): error C2370: 'STATE_TAX' : redefinition; different storage class
                 c:\users\colton\desktop\cs 1410\project 5\project 5\employee.h(28) : see declaration of 'STATE_TAX'
     1>c:\users\colton\desktop\cs 1410\project 5\project 5\employee.h(29): error C2370: 'OT_HRS' : redefinition; different storage class
                 c:\users\colton\desktop\cs 1410\project 5\project 5\employee.h(29) : see declaration of 'OT_HRS'
     1>c:\users\colton\desktop\cs 1410\project 5\project 5\employee.h(30): error C2370: 'OT_WAGE' : redefinition; different storage class
                 c:\users\colton\desktop\cs 1410\project 5\project 5\employee.h(30) : see declaration of 'OT_WAGE'
     1>c:\users\colton\desktop\cs 1410\project 5\project 5\employee.h(36): error C2011: 'Employee' : 'class' type redefinition
                 c:\users\colton\desktop\cs 1410\project 5\project 5\employee.h(36) : see declaration of 'Employee'
     1>c:\users\colton\desktop\cs 1410\project 5\project 5\driver.cpp(80): error C2079: 'Joe' uses undefined class 'Employee'
     1>c:\users\colton\desktop\cs 1410\project 5\project 5\driver.cpp(81): error C2079: 'Sam' uses undefined class 'Employee'
     1>c:\users\colton\desktop\cs 1410\project 5\project 5\driver.cpp(82): error C2079: 'Mary' uses undefined class 'Employee'
     1>c:\users\colton\desktop\cs 1410\project 5\project 5\driver.cpp(96): error C2228: left of '.setEmpNum' must have class/struct/union
                 type is 'int'
     1>c:\users\colton\desktop\cs 1410\project 5\project 5\driver.cpp(97): error C2228: left of '.setName' must have class/struct/union
                 type is 'int'
     1>c:\users\colton\desktop\cs 1410\project 5\project 5\driver.cpp(98): error C2228: left of '.setPhNum' must have class/struct/union
                 type is 'int'
     1>c:\users\colton\desktop\cs 1410\project 5\project 5\driver.cpp(99): error C2228: left of '.setStrAddress' must have class/struct/union
                 type is 'int'
     1>c:\users\colton\desktop\cs 1410\project 5\project 5\driver.cpp(100): error C2228: left of '.setWage' must have class/struct/union
                 type is 'int'
     1>c:\users\colton\desktop\cs 1410\project 5\project 5\driver.cpp(101): error C2228: left of '.setHrsWorked' must have class/struct/union
                 type is 'int'
     1>c:\users\colton\desktop\cs 1410\project 5\project 5\driver.cpp(104): error C2664: 'printCheck' : cannot convert parameter 1 from 'int' to 'const Employee &'
                 Reason: cannot convert from 'int' to 'const Employee'
                 Source or target has incomplete type
     1>c:\users\colton\desktop\cs 1410\project 5\project 5\driver.cpp(120): error C2228: left of '.setEmpNum' must have class/struct/union
                 type is 'int'
     1>c:\users\colton\desktop\cs 1410\project 5\project 5\driver.cpp(121): error C2228: left of '.setName' must have class/struct/union
                 type is 'int'
     1>c:\users\colton\desktop\cs 1410\project 5\project 5\driver.cpp(122): error C2228: left of '.setPhNum' must have class/struct/union
                 type is 'int'
     1>c:\users\colton\desktop\cs 1410\project 5\project 5\driver.cpp(123): error C2228: left of '.setStrAddress' must have class/struct/union
                 type is 'int'
     1>c:\users\colton\desktop\cs 1410\project 5\project 5\driver.cpp(124): error C2228: left of '.setWage' must have class/struct/union
                 type is 'int'
     1>c:\users\colton\desktop\cs 1410\project 5\project 5\driver.cpp(125): error C2228: left of '.setHrsWorked' must have class/struct/union
                 type is 'int'
     1>c:\users\colton\desktop\cs 1410\project 5\project 5\driver.cpp(128): error C2664: 'printCheck' : cannot convert parameter 1 from 'int' to 'const Employee &'
                 Reason: cannot convert from 'int' to 'const Employee'
                 Source or target has incomplete type
     1>c:\users\colton\desktop\cs 1410\project 5\project 5\driver.cpp(144): error C2228: left of '.setEmpNum' must have class/struct/union
                 type is 'int'
     1>c:\users\colton\desktop\cs 1410\project 5\project 5\driver.cpp(145): error C2228: left of '.setName' must have class/struct/union
                 type is 'int'
     1>c:\users\colton\desktop\cs 1410\project 5\project 5\driver.cpp(146): error C2228: left of '.setPhNum' must have class/struct/union
                 type is 'int'
     1>c:\users\colton\desktop\cs 1410\project 5\project 5\driver.cpp(147): error C2228: left of '.setStrAddress' must have class/struct/union
                 type is 'int'
     1>c:\users\colton\desktop\cs 1410\project 5\project 5\driver.cpp(148): error C2228: left of '.setWage' must have class/struct/union
                 type is 'int'
     1>c:\users\colton\desktop\cs 1410\project 5\project 5\driver.cpp(149): error C2228: left of '.setHrsWorked' must have class/struct/union
                 type is 'int'
     1>c:\users\colton\desktop\cs 1410\project 5\project 5\driver.cpp(152): error C2664: 'printCheck' : cannot convert parameter 1 from 'int' to 'const Employee &'
                 Reason: cannot convert from 'int' to 'const Employee'
                 Source or target has incomplete type
     1>c:\users\colton\desktop\cs 1410\project 5\project 5\driver.cpp(183): error C2027: use of undefined type 'Employee'
                 c:\users\colton\desktop\cs 1410\project 5\project 5\employee.h(36) : see declaration of 'Employee'
     1>c:\users\colton\desktop\cs 1410\project 5\project 5\driver.cpp(183): error C2228: left of '.getName' must have class/struct/union
     1>c:\users\colton\desktop\cs 1410\project 5\project 5\driver.cpp(183): error C2027: use of undefined type 'Employee'
                 c:\users\colton\desktop\cs 1410\project 5\project 5\employee.h(36) : see declaration of 'Employee'
     1>c:\users\colton\desktop\cs 1410\project 5\project 5\driver.cpp(183): error C2228: left of '.calcPay' must have class/struct/union
     1>c:\users\colton\desktop\cs 1410\project 5\project 5\driver.cpp(189): error C2027: use of undefined type 'Employee'
                 c:\users\colton\desktop\cs 1410\project 5\project 5\employee.h(36) : see declaration of 'Employee'
     1>c:\users\colton\desktop\cs 1410\project 5\project 5\driver.cpp(189): error C2228: left of '.getHrsWorked' must have class/struct/union
     1>c:\users\colton\desktop\cs 1410\project 5\project 5\driver.cpp(190): error C2027: use of undefined type 'Employee'
                 c:\users\colton\desktop\cs 1410\project 5\project 5\employee.h(36) : see declaration of 'Employee'
     1>c:\users\colton\desktop\cs 1410\project 5\project 5\driver.cpp(190): error C2228: left of '.getWage' must have class/struct/union
         Employee.cpp
     1>c:\users\colton\desktop\cs 1410\project 5\project 5\employee.h(27): error C2370: 'FED_TAX' : redefinition; different storage class
                 c:\users\colton\desktop\cs 1410\project 5\project 5\employee.h(27) : see declaration of 'FED_TAX'
     1>c:\users\colton\desktop\cs 1410\project 5\project 5\employee.h(28): error C2370: 'STATE_TAX' : redefinition; different storage class
                 c:\users\colton\desktop\cs 1410\project 5\project 5\employee.h(28) : see declaration of 'STATE_TAX'
     1>c:\users\colton\desktop\cs 1410\project 5\project 5\employee.h(29): error C2370: 'OT_HRS' : redefinition; different storage class
                 c:\users\colton\desktop\cs 1410\project 5\project 5\employee.h(29) : see declaration of 'OT_HRS'
     1>c:\users\colton\desktop\cs 1410\project 5\project 5\employee.h(30): error C2370: 'OT_WAGE' : redefinition; different storage class
                 c:\users\colton\desktop\cs 1410\project 5\project 5\employee.h(30) : see declaration of 'OT_WAGE'
     1>c:\users\colton\desktop\cs 1410\project 5\project 5\employee.h(36): error C2011: 'Employee' : 'class' type redefinition
                 c:\users\colton\desktop\cs 1410\project 5\project 5\employee.h(36) : see declaration of 'Employee'
     1>c:\users\colton\desktop\cs 1410\project 5\project 5\employee.cpp(28): error C2027: use of undefined type 'Employee'
                 c:\users\colton\desktop\cs 1410\project 5\project 5\employee.h(36) : see declaration of 'Employee'
     1>c:\users\colton\desktop\cs 1410\project 5\project 5\employee.cpp(28): error C2062: type 'void' unexpected
     1>c:\users\colton\desktop\cs 1410\project 5\project 5\employee.cpp(29): error C2143: syntax error : missing ';' before '{'
     1>c:\users\colton\desktop\cs 1410\project 5\project 5\employee.cpp(29): error C2447: '{' : missing function header (old-style formal list?)
     1>c:\users\colton\desktop\cs 1410\project 5\project 5\employee.cpp(43): error C2027: use of undefined type 'Employee'
                 c:\users\colton\desktop\cs 1410\project 5\project 5\employee.h(36) : see declaration of 'Employee'
     1>c:\users\colton\desktop\cs 1410\project 5\project 5\employee.cpp(43): error C2062: type 'int' unexpected
     1>c:\users\colton\desktop\cs 1410\project 5\project 5\employee.cpp(44): error C2143: syntax error : missing ';' before '{'
     1>c:\users\colton\desktop\cs 1410\project 5\project 5\employee.cpp(44): error C2447: '{' : missing function header (old-style formal list?)
     1>c:\users\colton\desktop\cs 1410\project 5\project 5\employee.cpp(56): error C2027: use of undefined type 'Employee'
                 c:\users\colton\desktop\cs 1410\project 5\project 5\employee.h(36) : see declaration of 'Employee'
     1>c:\users\colton\desktop\cs 1410\project 5\project 5\employee.cpp(57): error C2270: 'getEmpNum' : modifiers not allowed on nonmember functions
     1>c:\users\colton\desktop\cs 1410\project 5\project 5\employee.cpp(58): error C2065: 'empNum' : undeclared identifier
     1>c:\users\colton\desktop\cs 1410\project 5\project 5\employee.cpp(62): error C2027: use of undefined type 'Employee'
                 c:\users\colton\desktop\cs 1410\project 5\project 5\employee.h(36) : see declaration of 'Employee'
     1>c:\users\colton\desktop\cs 1410\project 5\project 5\employee.cpp(63): error C2270: 'getName' : modifiers not allowed on nonmember functions
     1>c:\users\colton\desktop\cs 1410\project 5\project 5\employee.cpp(64): error C2065: 'name' : undeclared identifier
     1>c:\users\colton\desktop\cs 1410\project 5\project 5\employee.cpp(67): error C2027: use of undefined type 'Employee'
                 c:\users\colton\desktop\cs 1410\project 5\project 5\employee.h(36) : see declaration of 'Employee'
     1>c:\users\colton\desktop\cs 1410\project 5\project 5\employee.cpp(68): error C2270: 'getStrAddress' : modifiers not allowed on nonmember functions
     1>c:\users\colton\desktop\cs 1410\project 5\project 5\employee.cpp(69): error C2065: 'strAddress' : undeclared identifier
     1>c:\users\colton\desktop\cs 1410\project 5\project 5\employee.cpp(72): error C2027: use of undefined type 'Employee'
                 c:\users\colton\desktop\cs 1410\project 5\project 5\employee.h(36) : see declaration of 'Employee'
     1>c:\users\colton\desktop\cs 1410\project 5\project 5\employee.cpp(73): error C2270: 'getPhNum' : modifiers not allowed on nonmember functions
     1>c:\users\colton\desktop\cs 1410\project 5\project 5\employee.cpp(74): error C2065: 'phNum' : undeclared identifier
     1>c:\users\colton\desktop\cs 1410\project 5\project 5\employee.cpp(77): error C2027: use of undefined type 'Employee'
                 c:\users\colton\desktop\cs 1410\project 5\project 5\employee.h(36) : see declaration of 'Employee'
     1>c:\users\colton\desktop\cs 1410\project 5\project 5\employee.cpp(78): error C2270: 'getWage' : modifiers not allowed on nonmember functions
     1>c:\users\colton\desktop\cs 1410\project 5\project 5\employee.cpp(79): error C2065: 'wage' : undeclared identifier
     1>c:\users\colton\desktop\cs 1410\project 5\project 5\employee.cpp(82): error C2027: use of undefined type 'Employee'
                 c:\users\colton\desktop\cs 1410\project 5\project 5\employee.h(36) : see declaration of 'Employee'
     1>c:\users\colton\desktop\cs 1410\project 5\project 5\employee.cpp(83): error C2270: 'getHrsWorked' : modifiers not allowed on nonmember functions
     1>c:\users\colton\desktop\cs 1410\project 5\project 5\employee.cpp(84): error C2065: 'hrsWorked' : undeclared identifier
     1>c:\users\colton\desktop\cs 1410\project 5\project 5\employee.cpp(89): error C2027: use of undefined type 'Employee'
                 c:\users\colton\desktop\cs 1410\project 5\project 5\employee.h(36) : see declaration of 'Employee'
     1>c:\users\colton\desktop\cs 1410\project 5\project 5\employee.cpp(91): error C2065: 'empNum' : undeclared identifier
     1>c:\users\colton\desktop\cs 1410\project 5\project 5\employee.cpp(94): error C2027: use of undefined type 'Employee'
                 c:\users\colton\desktop\cs 1410\project 5\project 5\employee.h(36) : see declaration of 'Employee'
     1>c:\users\colton\desktop\cs 1410\project 5\project 5\employee.cpp(96): error C2065: 'name' : undeclared identifier
     1>c:\users\colton\desktop\cs 1410\project 5\project 5\employee.cpp(99): error C2027: use of undefined type 'Employee'
                 c:\users\colton\desktop\cs 1410\project 5\project 5\employee.h(36) : see declaration of 'Employee'
     1>c:\users\colton\desktop\cs 1410\project 5\project 5\employee.cpp(101): error C2065: 'strAddress' : undeclared identifier
     1>c:\users\colton\desktop\cs 1410\project 5\project 5\employee.cpp(104): error C2027: use of undefined type 'Employee'
                 c:\users\colton\desktop\cs 1410\project 5\project 5\employee.h(36) : see declaration of 'Employee'
     1>c:\users\colton\desktop\cs 1410\project 5\project 5\employee.cpp(106): error C2065: 'phNum' : undeclared identifier
     1>c:\users\colton\desktop\cs 1410\project 5\project 5\employee.cpp(109): error C2027: use of undefined type 'Employee'
                 c:\users\colton\desktop\cs 1410\project 5\project 5\employee.h(36) : see declaration of 'Employee'
     1>c:\users\colton\desktop\cs 1410\project 5\project 5\employee.cpp(111): error C2065: 'wage' : undeclared identifier
     1>c:\users\colton\desktop\cs 1410\project 5\project 5\employee.cpp(114): error C2027: use of undefined type 'Employee'
                 c:\users\colton\desktop\cs 1410\project 5\project 5\employee.h(36) : see declaration of 'Employee'
     1>c:\users\colton\desktop\cs 1410\project 5\project 5\employee.cpp(116): error C2065: 'hrsWorked' : undeclared identifier
     1>c:\users\colton\desktop\cs 1410\project 5\project 5\employee.cpp(121): error C2027: use of undefined type 'Employee'
                 c:\users\colton\desktop\cs 1410\project 5\project 5\employee.h(36) : see declaration of 'Employee'
     1>c:\users\colton\desktop\cs 1410\project 5\project 5\employee.cpp(122): error C2270: 'calcPay' : modifiers not allowed on nonmember functions
     1>c:\users\colton\desktop\cs 1410\project 5\project 5\employee.cpp(131): error C2065: 'hrsWorked' : undeclared identifier
     1>c:\users\colton\desktop\cs 1410\project 5\project 5\employee.cpp(133): error C2065: 'wage' : undeclared identifier
     1>c:\users\colton\desktop\cs 1410\project 5\project 5\employee.cpp(133): error C2065: 'hrsWorked' : undeclared identifier
     1>c:\users\colton\desktop\cs 1410\project 5\project 5\employee.cpp(133): error C2065: 'wage' : undeclared identifier
     1>c:\users\colton\desktop\cs 1410\project 5\project 5\employee.cpp(138): error C2065: 'hrsWorked' : undeclared identifier
     1>c:\users\colton\desktop\cs 1410\project 5\project 5\employee.cpp(138): error C2065: 'wage' : undeclared identifier
     1>c:\users\colton\desktop\cs 1410\project 5\project 5\employee.cpp(152): error C2079: 'joe' uses undefined class 'Employee'
     1>c:\users\colton\desktop\cs 1410\project 5\project 5\employee.cpp(152): error C2078: too many initializers
     1>c:\users\colton\desktop\cs 1410\project 5\project 5\employee.cpp(152): warning C4244: 'initializing' : conversion from 'double' to 'int', possible loss of data
     1>c:\users\colton\desktop\cs 1410\project 5\project 5\employee.cpp(156): error C2228: left of '.getEmpNum' must have class/struct/union
                 type is 'int'
     1>c:\users\colton\desktop\cs 1410\project 5\project 5\employee.cpp(156): error C2228: left of '.getName' must have class/struct/union
                 type is 'int'
     1>c:\users\colton\desktop\cs 1410\project 5\project 5\employee.cpp(156): error C2228: left of '.getStrAddress' must have class/struct/union
                 type is 'int'
     1>c:\users\colton\desktop\cs 1410\project 5\project 5\employee.cpp(156): error C2228: left of '.getPhNum' must have class/struct/union
                 type is 'int'
     1>c:\users\colton\desktop\cs 1410\project 5\project 5\employee.cpp(157): error C2228: left of '.getHrsWorked' must have class/struct/union
                 type is 'int'
     1>c:\users\colton\desktop\cs 1410\project 5\project 5\employee.cpp(157): error C2228: left of '.getWage' must have class/struct/union
                 type is 'int'
     1>c:\users\colton\desktop\cs 1410\project 5\project 5\employee.cpp(162): error C2079: 'sam' uses undefined class 'Employee'
     1>c:\users\colton\desktop\cs 1410\project 5\project 5\employee.cpp(162): error C2078: too many initializers
     1>c:\users\colton\desktop\cs 1410\project 5\project 5\employee.cpp(162): warning C4244: 'initializing' : conversion from 'double' to 'int', possible loss of data
     1>c:\users\colton\desktop\cs 1410\project 5\project 5\employee.cpp(166): error C2228: left of '.getEmpNum' must have class/struct/union
                 type is 'int'
     1>c:\users\colton\desktop\cs 1410\project 5\project 5\employee.cpp(166): error C2228: left of '.getName' must have class/struct/union
                 type is 'int'
     1>c:\users\colton\desktop\cs 1410\project 5\project 5\employee.cpp(166): error C2228: left of '.getStrAddress' must have class/struct/union
                 type is 'int'
     1>c:\users\colton\desktop\cs 1410\project 5\project 5\employee.cpp(166): error C2228: left of '.getPhNum' must have class/struct/union
                 type is 'int'
     1>c:\users\colton\desktop\cs 1410\project 5\project 5\employee.cpp(167): error C2228: left of '.getHrsWorked' must have class/struct/union
                 type is 'int'
     1>c:\users\colton\desktop\cs 1410\project 5\project 5\employee.cpp(167): error C2228: left of '.getWage' must have class/struct/union
                 type is 'int'
     1>c:\users\colton\desktop\cs 1410\project 5\project 5\employee.cpp(173): error C2079: 'mary' uses undefined class 'Employee'
     1>c:\users\colton\desktop\cs 1410\project 5\project 5\employee.cpp(173): error C2078: too many initializers
     1>c:\users\colton\desktop\cs 1410\project 5\project 5\employee.cpp(173): warning C4244: 'initializing' : conversion from 'double' to 'int', possible loss of data
     1>c:\users\colton\desktop\cs 1410\project 5\project 5\employee.cpp(177): error C2228: left of '.getEmpNum' must have class/struct/union
                 type is 'int'
     1>c:\users\colton\desktop\cs 1410\project 5\project 5\employee.cpp(177): error C2228: left of '.getName' must have class/struct/union
                 type is 'int'
     1>c:\users\colton\desktop\cs 1410\project 5\project 5\employee.cpp(177): error C2228: left of '.getStrAddress' must have class/struct/union
                 type is 'int'
     1>c:\users\colton\desktop\cs 1410\project 5\project 5\employee.cpp(177): error C2228: left of '.getPhNum' must have class/struct/union
                 type is 'int'
     1>c:\users\colton\desktop\cs 1410\project 5\project 5\employee.cpp(178): error C2228: left of '.getHrsWorked' must have class/struct/union
                 type is 'int'
     1>c:\users\colton\desktop\cs 1410\project 5\project 5\employee.cpp(178): error C2228: left of '.getWage' must have class/struct/union
                 type is 'int'
         Generating Code...
     1>Done Building Project "C:\Users\Colton\Desktop\CS 1410\Project 5\Project 5\Project 5.vcxproj" (build target(s)) -- FAILED.

Build FAILED.

Time Elapsed 00:00:03.68
